<?xml version="1.0" encoding="UTF-8"?>
<beans xmlns="http://www.springframework.org/schema/beans"
	xmlns:xsi="http://www.w3.org/2001/XMLSchema-instance"
	xmlns:aop="http://www.springframework.org/schema/aop"
	xmlns:tx="http://www.springframework.org/schema/tx"
	xmlns:task="http://www.springframework.org/schema/task"
	xsi:schemaLocation="http://www.springframework.org/schema/beans 
		http://www.springframework.org/schema/beans/spring-beans-3.0.xsd
		http://www.springframework.org/schema/tx 
		http://www.springframework.org/schema/tx/spring-tx-3.0.xsd
		http://www.springframework.org/schema/aop 
		http://www.springframework.org/schema/aop/spring-aop-3.0.xsd
		http://www.springframework.org/schema/task
		http://www.springframework.org/schema/task/spring-task-3.0.xsd
		">

	<bean id="contextApplicationContextProvider" class="com.lvl6.spring.ApplicationContextProvider" />

	<import resource="classpath:spring-cassandra.xml" />
	<import resource="classpath:spring-hazelcast.xml" />
	<import resource="classpath:spring-db.xml" />
	<import resource="classpath:spring-integration.xml" />
	<import resource="classpath:spring-load-testing.xml" />
	<import resource="classpath:spring-integration-fake-client.xml" />
	<import resource="classpath:spring-controllers.xml" />
	<import resource="classpath:spring-security.xml" />
<!-- 	<import resource="classpath:spring-cache.xml" /> -->

	<bean id="serverInstance" class="com.lvl6.server.ServerInstance" />
	
	<bean id="gameServer" class="com.lvl6.server.GameServer" scope="singleton" depends-on="dbConnection" destroy-method="shutdown" >
		<constructor-arg index="0" value="${server.ip}" />
		<constructor-arg index="1" value="${server.port}" />
		<property name="block" value="false" />
	</bean>
	
	<bean id="junitCassandraAppender" class="com.lvl6.cassandra.log4j.Log4jAppender">
		<constructor-arg name="hosts" value="${lvl6.cassandra.hosts}"></constructor-arg>
		<constructor-arg name="clusterName" value="${lvl6.cassandra.cluster.name}"></constructor-arg>
		<constructor-arg name="keyspace" value="${lvl6.cassandra.keyspace}_test"></constructor-arg>
		<constructor-arg name="columnFamily" value="${lvl6.cassandra.column.family}"></constructor-arg>
		
	</bean>
	
	<!-- <bean id="setup" class="com.lvl6.Setup" />-->
	
</beans>